<?xml version="1.0" encoding="UTF-8"?>
<testsuite name="ru.nspk.technikum.demo.test.Mockito" tests="1" skipped="0" failures="0" errors="0" timestamp="2023-10-11T14:27:58" hostname="Daniils-iMac.local" time="1.723">
  <properties/>
  <testcase name="iteratorWillReturnHelloWorld()" classname="ru.nspk.technikum.demo.test.Mockito" time="1.723"/>
  <system-out><![CDATA[]]></system-out>
  <system-err><![CDATA[]]></system-err>
</testsuite>
